<?xml version="1.0" encoding="UTF-8"?>
<!-- Generated by org.testng.reporters.JUnitReportReporter -->
<testsuite hostname="Ravindra-PC" failures="0" tests="1" name="com.java.maventest.OrangeHRM" time="6.328" errors="0" timestamp="2022-12-06T23:35:27 IST" skipped="0">
  <testcase classname="com.java.maventest.OrangeHRM" name="openBrowser" time="6.328"/>
  <system-out/>
</testsuite> <!-- com.java.maventest.OrangeHRM -->
