<?xml version="1.0" encoding="UTF-8"?>
<!-- Generated by org.testng.reporters.JUnitReportReporter -->
<testsuite hostname="Ravindra-PC" failures="0" tests="5" name="com.java.maventest.FacebookAssertion" time="6.371" errors="0" timestamp="2022-12-07T16:34:22 IST" skipped="0">
  <testcase classname="com.java.maventest.FacebookAssertion" name="verifyCurrentUrl" time="0.032"/>
  <system-out/>
  <testcase classname="com.java.maventest.FacebookAssertion" name="verifyCurrentTitle" time="5.131"/>
  <system-out/>
  <testcase classname="com.java.maventest.FacebookAssertion" name="verifyUsername" time="1.140"/>
  <system-out/>
  <testcase classname="com.java.maventest.FacebookAssertion" name="verifyBorderCssValue" time="0.030"/>
  <system-out/>
  <testcase classname="com.java.maventest.FacebookAssertion" name="verifyIfSameErrorMsgDisplayed" time="0.038"/>
  <system-out/>
</testsuite> <!-- com.java.maventest.FacebookAssertion -->
