<?xml version="1.0" encoding="UTF-8"?>
<!-- Generated by org.testng.reporters.JUnitReportReporter -->
<testsuite hostname="Ravindra-PC" failures="0" tests="1" name="com.java.maventest.WaitsDemo" time="9.580" errors="0" timestamp="2022-12-06T19:57:14 IST" skipped="0">
  <testcase classname="com.java.maventest.WaitsDemo" name="expliciteWait" time="9.580"/>
  <system-out/>
</testsuite> <!-- com.java.maventest.WaitsDemo -->
