<?xml version="1.0" encoding="UTF-8"?>
<!-- Generated by org.testng.reporters.JUnitReportReporter -->
<testsuite hostname="Ravindra-PC" failures="0" tests="4" name="com.java.maventest.OrangeHRM2" time="15.401" errors="0" timestamp="2022-12-07T19:35:07 IST" skipped="0">
  <testcase classname="com.java.maventest.OrangeHRM2" name="LaunchApp" time="6.361"/>
  <system-out/>
  <testcase classname="com.java.maventest.OrangeHRM2" name="VerifyMyInfo" time="3.150"/>
  <system-out/>
  <testcase classname="com.java.maventest.OrangeHRM2" name="EnterLoginDetails" time="4.595"/>
  <system-out/>
  <testcase classname="com.java.maventest.OrangeHRM2" name="NavigateToMyInfo" time="1.295"/>
  <system-out/>
</testsuite> <!-- com.java.maventest.OrangeHRM2 -->
