<?xml version="1.0" encoding="UTF-8"?>
<!-- Generated by org.testng.reporters.JUnitReportReporter -->
<testsuite hostname="Ravindra-PC" failures="0" tests="1" name="com.java.maventest.TestScript" time="5.982" errors="0" timestamp="2022-12-06T01:10:45 IST" skipped="0">
  <testcase classname="com.java.maventest.TestScript" name="TestGoogle" time="5.982"/>
  <system-out/>
</testsuite> <!-- com.java.maventest.TestScript -->
